01/04/2024 11:01:18 PM: INFO: ********** Test 001 **********
01/04/2024 11:01:18 PM: INFO: ********** Verifying the title of Login Page **********
01/04/2024 11:01:24 PM: INFO: ********** Home page title is passed **********
01/04/2024 11:01:25 PM: INFO: ********** Verifying the login test **********
01/04/2024 11:01:37 PM: INFO: ********** Login page title is passed **********
01/05/2024 03:10:15 PM: INFO: ********** Test 001 **********
01/05/2024 03:10:15 PM: INFO: ********** Verifying the title of Login Page **********
01/05/2024 03:10:22 PM: INFO: ********** Home page title is passed **********
01/05/2024 03:10:23 PM: INFO: ********** Verifying the login test **********
01/05/2024 03:10:31 PM: INFO: ********** Login page title is passed **********
01/05/2024 09:47:35 PM: WARNING: The geckodriver version (0.33.0) detected in PATH at /snap/bin/geckodriver might not be compatible with the detected firefox version (116.0.2); currently, geckodriver 0.34.0 is recommended for firefox 116.*, so it is advised to delete the driver in PATH and retry
01/05/2024 09:47:36 PM: WARNING: The geckodriver version (0.33.0) detected in PATH at /snap/bin/geckodriver might not be compatible with the detected firefox version (116.0.2); currently, geckodriver 0.34.0 is recommended for firefox 116.*, so it is advised to delete the driver in PATH and retry
01/05/2024 09:48:01 PM: WARNING: There was an error managing chrome (error sending request for url (https://googlechromelabs.github.io/chrome-for-testing/known-good-versions-with-downloads.json): error trying to connect: dns error: failed to lookup address information: Try again); using driver found in the cache
01/05/2024 09:48:19 PM: INFO: ********** Test 001 **********
01/05/2024 09:48:19 PM: INFO: ********** Verifying the title of Login Page **********
01/05/2024 09:48:27 PM: INFO: ********** Home page title is passed **********
01/05/2024 09:48:30 PM: INFO: ********** Verifying the login test **********
01/05/2024 09:48:57 PM: INFO: ********** Login page title is passed **********
01/05/2024 09:51:15 PM: INFO: ********** Test 001 **********
01/05/2024 09:51:15 PM: INFO: ********** Verifying the title of Login Page **********
01/05/2024 09:51:15 PM: INFO: ********** Verifying the login test **********
01/05/2024 09:51:21 PM: INFO: ********** Home page title is passed **********
01/05/2024 09:51:26 PM: INFO: ********** Login page title is passed **********
01/05/2024 10:23:21 PM: INFO: ********** Verifying the login test **********
01/05/2024 10:23:21 PM: INFO: ********** Test 001 **********
01/05/2024 10:23:21 PM: INFO: ********** Verifying the title of Login Page **********
01/05/2024 10:23:26 PM: INFO: ********** Home page title is passed **********
01/05/2024 10:23:30 PM: INFO: ********** Login page title is passed **********
01/06/2024 04:11:02 PM: INFO: ********** Test 002 **********
01/06/2024 04:11:02 PM: INFO: ********** Verifying the login DDT test **********
01/06/2024 04:12:35 PM: INFO: ********** Test 002 **********
01/06/2024 04:12:35 PM: INFO: ********** Verifying the login DDT test **********
01/06/2024 04:12:55 PM: INFO: ****** Passed *******
01/06/2024 04:13:03 PM: INFO: ****** Passed *******
01/06/2024 04:13:09 PM: INFO: ****** Passed *******
01/06/2024 04:13:15 PM: INFO: ****** Passed *******
01/06/2024 04:13:15 PM: INFO: Login DDT test pass
01/06/2024 04:13:15 PM: INFO: ********** End of Login DDT Test **********
01/06/2024 04:13:15 PM: INFO: ********** Completed_TC_LoginDDT_002 **********
01/10/2024 12:01:24 PM: INFO: ********** Test_003_AddCustomer **********
01/10/2024 12:01:33 PM: INFO: ********** Login Succesful **********
01/10/2024 12:01:33 PM: INFO: ********** Starting Add Customer Test **********
01/10/2024 12:01:38 PM: INFO: ********** Providing customer info **********
01/10/2024 12:04:14 PM: INFO: ********** Test_003_AddCustomer **********
01/10/2024 12:04:30 PM: INFO: ********** Login Succesful **********
01/10/2024 12:04:30 PM: INFO: ********** Starting Add Customer Test **********
01/10/2024 12:04:35 PM: INFO: ********** Providing customer info **********
01/10/2024 12:06:53 PM: INFO: ********** Test_003_AddCustomer **********
01/10/2024 12:07:04 PM: INFO: ********** Login Succesful **********
01/10/2024 12:07:04 PM: INFO: ********** Starting Add Customer Test **********
01/10/2024 12:07:08 PM: INFO: ********** Providing customer info **********
01/10/2024 12:09:15 PM: INFO: ********** Test_003_AddCustomer **********
01/10/2024 12:09:31 PM: INFO: ********** Login Succesful **********
01/10/2024 12:09:31 PM: INFO: ********** Starting Add Customer Test **********
01/10/2024 12:12:42 PM: INFO: ********** Test_003_AddCustomer **********
01/10/2024 12:12:54 PM: INFO: ********** Login Succesful **********
01/10/2024 12:12:54 PM: INFO: ********** Starting Add Customer Test **********
01/10/2024 12:12:58 PM: INFO: ********** Providing customer info **********
01/10/2024 12:14:05 PM: INFO: ********** Test_003_AddCustomer **********
01/10/2024 12:14:15 PM: INFO: ********** Login Succesful **********
01/10/2024 12:14:15 PM: INFO: ********** Starting Add Customer Test **********
01/10/2024 12:14:20 PM: INFO: ********** Providing customer info **********
01/10/2024 12:17:32 PM: INFO: ********** Test_003_AddCustomer **********
01/10/2024 12:17:42 PM: INFO: ********** Login Succesful **********
01/10/2024 12:17:42 PM: INFO: ********** Starting Add Customer Test **********
01/10/2024 12:17:46 PM: INFO: ********** Providing customer info **********
01/10/2024 12:19:07 PM: INFO: ********** Test_003_AddCustomer **********
01/10/2024 12:19:19 PM: INFO: ********** Login Succesful **********
01/10/2024 12:19:19 PM: INFO: ********** Starting Add Customer Test **********
01/10/2024 12:20:06 PM: INFO: ********** Test_003_AddCustomer **********
01/10/2024 12:20:14 PM: INFO: ********** Login Succesful **********
01/10/2024 12:20:14 PM: INFO: ********** Starting Add Customer Test **********
01/10/2024 12:20:19 PM: INFO: ********** Providing customer info **********
01/10/2024 12:23:50 PM: INFO: ********** Test_003_AddCustomer **********
01/10/2024 12:23:59 PM: INFO: ********** Login Succesful **********
01/10/2024 12:23:59 PM: INFO: ********** Starting Add Customer Test **********
01/10/2024 12:24:04 PM: INFO: ********** Providing customer info **********
01/10/2024 12:29:03 PM: INFO: ********** Test_003_AddCustomer **********
01/10/2024 12:29:16 PM: INFO: ********** Login Succesful **********
01/10/2024 12:29:16 PM: INFO: ********** Starting Add Customer Test **********
01/10/2024 12:29:20 PM: INFO: ********** Providing customer info **********
01/10/2024 12:32:05 PM: INFO: ********** Test_003_AddCustomer **********
01/10/2024 12:32:13 PM: INFO: ********** Login Succesful **********
01/10/2024 12:32:13 PM: INFO: ********** Starting Add Customer Test **********
01/10/2024 12:32:18 PM: INFO: ********** Providing customer info **********
01/10/2024 12:34:16 PM: INFO: ********** Test_003_AddCustomer **********
01/10/2024 12:34:26 PM: INFO: ********** Login Succesful **********
01/10/2024 12:34:26 PM: INFO: ********** Starting Add Customer Test **********
01/10/2024 12:34:30 PM: INFO: ********** Providing customer info **********
01/10/2024 12:34:59 PM: INFO: ********** Test_003_AddCustomer **********
01/10/2024 12:35:12 PM: INFO: ********** Login Succesful **********
01/10/2024 12:35:12 PM: INFO: ********** Starting Add Customer Test **********
01/10/2024 12:35:16 PM: INFO: ********** Providing customer info **********
01/10/2024 12:35:58 PM: INFO: ********** Test_003_AddCustomer **********
01/10/2024 12:36:10 PM: INFO: ********** Login Succesful **********
01/10/2024 12:36:10 PM: INFO: ********** Starting Add Customer Test **********
01/10/2024 12:36:13 PM: INFO: ********** Providing customer info **********
01/10/2024 12:39:44 PM: INFO: ********** Test_003_AddCustomer **********
01/10/2024 12:40:05 PM: INFO: ********** Login Succesful **********
01/10/2024 12:40:05 PM: INFO: ********** Starting Add Customer Test **********
01/10/2024 12:40:14 PM: INFO: ********** Providing customer info **********
01/10/2024 12:43:15 PM: INFO: ********** Test_003_AddCustomer **********
01/10/2024 12:43:26 PM: INFO: ********** Login Succesful **********
01/10/2024 12:43:26 PM: INFO: ********** Starting Add Customer Test **********
01/10/2024 12:43:31 PM: INFO: ********** Providing customer info **********
01/10/2024 12:46:17 PM: INFO: ********** Test_003_AddCustomer **********
01/10/2024 12:46:27 PM: INFO: ********** Login Succesful **********
01/10/2024 12:46:27 PM: INFO: ********** Starting Add Customer Test **********
01/10/2024 12:46:32 PM: INFO: ********** Providing customer info **********
01/10/2024 12:48:48 PM: INFO: ********** Test_003_AddCustomer **********
01/10/2024 12:49:12 PM: INFO: ********** Login Succesful **********
01/10/2024 12:49:12 PM: INFO: ********** Starting Add Customer Test **********
01/10/2024 12:51:28 PM: INFO: ********** Test_003_AddCustomer **********
01/10/2024 12:51:42 PM: INFO: ********** Login Succesful **********
01/10/2024 12:51:42 PM: INFO: ********** Starting Add Customer Test **********
01/10/2024 12:51:54 PM: INFO: ********** Providing customer info **********
01/10/2024 12:57:29 PM: INFO: ********** Test_003_AddCustomer **********
01/10/2024 12:57:38 PM: INFO: ********** Login Succesful **********
01/10/2024 12:57:38 PM: INFO: ********** Starting Add Customer Test **********
01/10/2024 12:57:48 PM: INFO: ********** Providing customer info **********
01/10/2024 12:59:31 PM: INFO: ********** Test_003_AddCustomer **********
01/10/2024 12:59:45 PM: INFO: ********** Login Succesful **********
01/10/2024 12:59:45 PM: INFO: ********** Starting Add Customer Test **********
01/10/2024 12:59:57 PM: INFO: ********** Providing customer info **********
01/10/2024 01:00:14 PM: INFO: ********** Save customer info **********
01/10/2024 01:00:14 PM: INFO: ********** Add customer validation started **********
01/10/2024 01:00:15 PM: ERROR: ********** Add customer Test Failed **********
01/10/2024 01:01:08 PM: INFO: ********** Test_003_AddCustomer **********
01/10/2024 01:01:18 PM: INFO: ********** Login Succesful **********
01/10/2024 01:01:18 PM: INFO: ********** Starting Add Customer Test **********
01/10/2024 01:01:29 PM: INFO: ********** Providing customer info **********
01/10/2024 01:01:47 PM: INFO: ********** Save customer info **********
01/10/2024 01:01:47 PM: INFO: ********** Add customer validation started **********
01/10/2024 01:01:48 PM: ERROR: ********** Add customer Test Failed **********
01/10/2024 01:04:14 PM: INFO: ********** Test_003_AddCustomer **********
01/10/2024 01:04:29 PM: INFO: ********** Login Succesful **********
01/10/2024 01:04:29 PM: INFO: ********** Starting Add Customer Test **********
01/10/2024 01:04:52 PM: INFO: ********** Test_003_AddCustomer **********
01/10/2024 01:05:17 PM: INFO: ********** Login Succesful **********
01/10/2024 01:05:17 PM: INFO: ********** Starting Add Customer Test **********
01/10/2024 01:06:15 PM: INFO: ********** Test_003_AddCustomer **********
01/10/2024 01:06:46 PM: INFO: ********** Login Succesful **********
01/10/2024 01:06:46 PM: INFO: ********** Starting Add Customer Test **********
01/10/2024 01:06:59 PM: INFO: ********** Providing customer info **********
01/10/2024 01:07:18 PM: INFO: ********** Save customer info **********
01/10/2024 01:07:18 PM: INFO: ********** Add customer validation started **********
01/10/2024 01:07:19 PM: INFO: ********** Add Customer Test Passed **********
01/10/2024 01:07:19 PM: INFO: ********** Ending Home Page Title Test **********
